生成启动时间为 2021/8/5 19:36:02。
     1>项目“C:\360安全浏览器下载\C++Code\2-1\2-1\2-1.vcxproj”在节点 2 上(build 个目标)。
     1>InitializeBuildStatus:
         正在创建“Debug\2-1.unsuccessfulbuild”，因为已指定“AlwaysCreate”。
       ClCompile:
         c:\Program Files (x86)\Microsoft Visual Studio 10.0\VC\bin\CL.exe /c /ZI /nologo /W3 /WX- /Od /Oy- /D _MBCS /Gm /EHsc /RTC1 /MDd /GS /fp:precise /Zc:wchar_t /Zc:forScope /Fo"Debug\\" /Fd"Debug\vc100.pdb" /Gd /TP /analyze- /errorReport:prompt "2-3.cpp"
         2-3.cpp
         所有输出均为最新。
       Link:
         c:\Program Files (x86)\Microsoft Visual Studio 10.0\VC\bin\link.exe /ERRORREPORT:PROMPT /OUT:"C:\360安全浏览器下载\C++Code\2-1\Debug\2-1.exe" /NOLOGO kernel32.lib user32.lib gdi32.lib winspool.lib comdlg32.lib advapi32.lib shell32.lib ole32.lib oleaut32.lib uuid.lib odbc32.lib odbccp32.lib /MANIFEST /ManifestFile:"Debug\2-1.exe.intermediate.manifest" /MANIFESTUAC:"level='asInvoker' uiAccess='false'" /DEBUG /PDB:"C:\360安全浏览器下载\C++Code\2-1\Debug\2-1.pdb" /SUBSYSTEM:CONSOLE /TLBID:1 /DYNAMICBASE /NXCOMPAT /IMPLIB:"C:\360安全浏览器下载\C++Code\2-1\Debug\2-1.lib" /MACHINE:X86 "Debug\2-2.obj"
         "Debug\2-3.obj"
         Debug\test.obj
         LINK : 没有找到 C:\360安全浏览器下载\C++Code\2-1\Debug\2-1.exe 或上一个增量链接没有生成它；正在执行完全链接
         2-1.vcxproj -> C:\360安全浏览器下载\C++Code\2-1\Debug\2-1.exe
       Manifest:
         c:\Program Files (x86)\Microsoft SDKs\Windows\v7.0A\bin\mt.exe /nologo /verbose /outputresource:"C:\360安全浏览器下载\C++Code\2-1\Debug\2-1.exe;#1" /manifest "Debug\2-1.exe.intermediate.manifest"
       FinalizeBuildStatus:
         正在删除文件“Debug\2-1.unsuccessfulbuild”。
         正在对“Debug\2-1.lastbuildstate”执行 Touch 任务。
     1>已完成生成项目“C:\360安全浏览器下载\C++Code\2-1\2-1\2-1.vcxproj”(build 个目标)的操作。

生成成功。

已用时间 00:00:00.96
